0 info it worked if it ends with ok
1 verbose cli [ '/usr/local/bin/node', '/usr/local/bin/npm', 'start' ]
2 info using npm@6.14.4
3 info using node@v14.0.0
4 verbose run-script [ 'prestart', 'start', 'poststart' ]
5 info lifecycle @~prestart: @
6 info lifecycle @~start: @
7 verbose lifecycle @~start: unsafe-perm in lifecycle true
8 verbose lifecycle @~start: PATH: /usr/local/lib/node_modules/npm/node_modules/npm-lifecycle/node-gyp-bin:/app/node_modules/.bin:/usr/local/sbin:/usr/local/bin:/usr/sbin:/usr/bin:/sbin:/bin
9 verbose lifecycle @~start: CWD: /app
10 silly lifecycle @~start: Args: [ '-c', 'node index.js' ]
11 silly lifecycle @~start: Returned: code: 1  signal: null
12 info lifecycle @~start: Failed to exec start script
13 verbose stack Error: @ start: `node index.js`
13 verbose stack Exit status 1
13 verbose stack     at EventEmitter.<anonymous> (/usr/local/lib/node_modules/npm/node_modules/npm-lifecycle/index.js:332:16)
13 verbose stack     at EventEmitter.emit (events.js:315:20)
13 verbose stack     at ChildProcess.<anonymous> (/usr/local/lib/node_modules/npm/node_modules/npm-lifecycle/lib/spawn.js:55:14)
13 verbose stack     at ChildProcess.emit (events.js:315:20)
13 verbose stack     at maybeClose (internal/child_process.js:1051:16)
13 verbose stack     at Process.ChildProcess._handle.onexit (internal/child_process.js:287:5)
14 verbose pkgid @
15 verbose cwd /app
16 verbose Linux 3.10.0-957.21.3.el7.x86_64
17 verbose argv "/usr/local/bin/node" "/usr/local/bin/npm" "start"
18 verbose node v14.0.0
19 verbose npm  v6.14.4
20 error code ELIFECYCLE
21 error errno 1
22 error @ start: `node index.js`
22 error Exit status 1
23 error Failed at the @ start script.
23 error This is probably not a problem with npm. There is likely additional logging output above.
24 verbose exit [ 1, true ]
